<?xml version="1.0" encoding="UTF-8"?>
<robot generator="Robot 3.1.2 (Python 3.8.1 on darwin)" generated="20200421 22:08:06.463" rpa="false">
<suite id="s1" name="Example12" source="/Users/bsengar/PycharmProjects/practice/example12.robot">
<test id="s1-t1" name="Normal Error">
<kw name="Fail" library="BuiltIn">
<doc>Fails the test with the given message and optionally alters its tags.</doc>
<arguments>
<arg>This is rather boring example</arg>
</arguments>
<msg timestamp="20200421 22:08:06.493" level="FAIL">This is rather boring example</msg>
<status status="FAIL" starttime="20200421 22:08:06.493" endtime="20200421 22:08:06.493"></status>
</kw>
<status status="FAIL" starttime="20200421 22:08:06.493" endtime="20200421 22:08:06.494" critical="yes">This is rather boring example</status>
</test>
<test id="s1-t2" name="HTML Error">
<kw name="Should Be Equal" library="BuiltIn">
<doc>Fails if the given objects are unequal.</doc>
<arguments>
<arg>35</arg>
<arg>42</arg>
</arguments>
<msg timestamp="20200421 22:08:06.494" level="FAIL">35 != 42</msg>
<status status="FAIL" starttime="20200421 22:08:06.494" endtime="20200421 22:08:06.494"></status>
</kw>
<status status="FAIL" starttime="20200421 22:08:06.494" endtime="20200421 22:08:06.494" critical="yes">35 != 42</status>
</test>
<doc>Example using the space separated plain text format.</doc>
<status status="FAIL" starttime="20200421 22:08:06.465" endtime="20200421 22:08:06.495"></status>
</suite>
<statistics>
<total>
<stat pass="0" fail="2">Critical Tests</stat>
<stat pass="0" fail="2">All Tests</stat>
</total>
<tag>
</tag>
<suite>
<stat pass="0" fail="2" id="s1" name="Example12">Example12</stat>
</suite>
</statistics>
<errors>
</errors>
</robot>
