<?xml version="1.0" encoding="UTF-8"?>
<robot generator="Robot 3.2.1 (Python 3.8.5 on darwin)" generated="20210120 16:55:43.725" rpa="false">
<suite id="s1" name="Blog" source="/Users/bipinsengar/PycharmProjects/practice/robot/blog.robot">
<test id="s1-t1" name="Go To Blog Using Driver From Python File">
<kw name="Open Browser" library="SeleniumLibrary">
<doc>Opens a new browser instance to the optional ``url``.</doc>
<arguments>
<arg>http://www.google.com</arg>
<arg>chrome</arg>
</arguments>
<msg timestamp="20210120 16:55:43.863" level="INFO">Opening browser 'chrome' to base url 'http://www.google.com'.</msg>
<kw name="Capture Page Screenshot" library="SeleniumLibrary">
<doc>Takes a screenshot of the current page and embeds it into a log file.</doc>
<msg timestamp="20210120 16:55:47.800" level="FAIL">NoSuchWindowException: Message: no such window: window was already closed
  (Session info: chrome=87.0.4280.141)
</msg>
<status status="FAIL" starttime="20210120 16:55:47.775" endtime="20210120 16:55:47.800"></status>
</kw>
<msg timestamp="20210120 16:55:47.800" level="WARN">Keyword 'Capture Page Screenshot' could not be run on failure: NoSuchWindowException: Message: no such window: window was already closed
  (Session info: chrome=87.0.4280.141)
</msg>
<msg timestamp="20210120 16:55:47.801" level="FAIL">WebDriverException: Message: unknown error: cannot determine loading status
from unknown error: cannot determine loading status
from disconnected: received Inspector.detached event
  (Session info: chrome=87.0.4280.141)
</msg>
<status status="FAIL" starttime="20210120 16:55:43.863" endtime="20210120 16:55:47.801"></status>
</kw>
<status status="FAIL" starttime="20210120 16:55:43.862" endtime="20210120 16:55:47.801" critical="yes">WebDriverException: Message: unknown error: cannot determine loading status
from unknown error: cannot determine loading status
from disconnected: received Inspector.detached event
  (Session info: chrome=87.0.4280.141)
</status>
</test>
<status status="FAIL" starttime="20210120 16:55:43.726" endtime="20210120 16:55:47.802"></status>
</suite>
<statistics>
<total>
<stat pass="0" fail="1">Critical Tests</stat>
<stat pass="0" fail="1">All Tests</stat>
</total>
<tag>
</tag>
<suite>
<stat pass="0" fail="1" id="s1" name="Blog">Blog</stat>
</suite>
</statistics>
<errors>
<msg timestamp="20210120 16:55:47.800" level="WARN">Keyword 'Capture Page Screenshot' could not be run on failure: NoSuchWindowException: Message: no such window: window was already closed
  (Session info: chrome=87.0.4280.141)
</msg>
</errors>
</robot>
