<?xml version="1.0" encoding="UTF-8"?>
<robot generator="Robot 3.2.1 (Python 3.8.5 on darwin)" generated="20210616 11:13:11.036" rpa="false">
<suite id="s1" name="Ex1" source="/Users/bipinsengar/PycharmProjects/practice/robot/ex1.robot">
<test id="s1-t1" name="TC1">
<kw name="Log" library="BuiltIn">
<doc>Logs the given message with the given level.</doc>
<arguments>
<arg>${user1}</arg>
</arguments>
<msg timestamp="20210616 11:13:11.078" level="INFO">{'email': 'tuxeved@royal-soft.net', 'password': 'Makesmartercalls', 'name': 'Env_Bipin Sengar', 'did': '(415) 469-1802', 'fname': 'Env_Bipin', 'account_type': 'opensignup'}</msg>
<status status="PASS" starttime="20210616 11:13:11.078" endtime="20210616 11:13:11.078"></status>
</kw>
<kw name="Log To Console" library="BuiltIn">
<doc>Logs the given message to the console.</doc>
<arguments>
<arg>${android_phone_1}</arg>
</arguments>
<status status="PASS" starttime="20210616 11:13:11.078" endtime="20210616 11:13:11.078"></status>
</kw>
<status status="PASS" starttime="20210616 11:13:11.078" endtime="20210616 11:13:11.079" critical="yes"></status>
</test>
<doc>Example using the space separated plain text format.</doc>
<status status="PASS" starttime="20210616 11:13:11.038" endtime="20210616 11:13:11.079"></status>
</suite>
<statistics>
<total>
<stat pass="1" fail="0">Critical Tests</stat>
<stat pass="1" fail="0">All Tests</stat>
</total>
<tag>
</tag>
<suite>
<stat pass="1" fail="0" id="s1" name="Ex1">Ex1</stat>
</suite>
</statistics>
<errors>
</errors>
</robot>
