<?xml version="1.0" encoding="UTF-8"?>
<robot generator="Robot 3.2.1 (Python 3.8.5 on darwin)" generated="20201222 17:46:32.579" rpa="false">
<suite id="s1" name="Ex1" source="/Users/bipinsengar/PycharmProjects/practice/ex1.robot">
<test id="s1-t1" name="TC1">
<kw name="Log" library="BuiltIn">
<doc>Logs the given message with the given level.</doc>
<arguments>
<arg>pass</arg>
</arguments>
<msg timestamp="20201222 17:46:32.610" level="INFO">pass</msg>
<status status="PASS" starttime="20201222 17:46:32.610" endtime="20201222 17:46:32.610"></status>
</kw>
<status status="PASS" starttime="20201222 17:46:32.609" endtime="20201222 17:46:32.610" critical="yes"></status>
</test>
<test id="s1-t2" name="TC2">
<kw name="Log" library="BuiltIn">
<doc>Logs the given message with the given level.</doc>
<arguments>
<arg>pass</arg>
</arguments>
<msg timestamp="20201222 17:46:32.611" level="INFO">pass</msg>
<status status="PASS" starttime="20201222 17:46:32.611" endtime="20201222 17:46:32.611"></status>
</kw>
<status status="PASS" starttime="20201222 17:46:32.610" endtime="20201222 17:46:32.611" critical="yes"></status>
</test>
<test id="s1-t3" name="TC3">
<kw name="Fail" library="BuiltIn">
<doc>Fails the test with the given message and optionally alters its tags.</doc>
<arguments>
<arg>This is rather boring example</arg>
</arguments>
<msg timestamp="20201222 17:46:32.612" level="FAIL">This is rather boring example</msg>
<status status="FAIL" starttime="20201222 17:46:32.611" endtime="20201222 17:46:32.612"></status>
</kw>
<status status="FAIL" starttime="20201222 17:46:32.611" endtime="20201222 17:46:32.612" critical="yes">This is rather boring example</status>
</test>
<doc>Example using the space separated plain text format.</doc>
<status status="FAIL" starttime="20201222 17:46:32.583" endtime="20201222 17:46:32.612"></status>
</suite>
<statistics>
<total>
<stat pass="2" fail="1">Critical Tests</stat>
<stat pass="2" fail="1">All Tests</stat>
</total>
<tag>
</tag>
<suite>
<stat pass="2" fail="1" id="s1" name="Ex1">Ex1</stat>
</suite>
</statistics>
<errors>
</errors>
</robot>
